hRUHFDemo/build/outputs/logs/manifest-merger-debug-report.txt
-- Merging decision tree log ---
manifest
ADDED from src\main\AndroidManifest.xml:2:1-188:12
INJECTED from src\main\AndroidManifest.xml:2:1-188:12
INJECTED from src\main\AndroidManifest.xml:2:1-188:12
INJECTED from src\main\AndroidManifest.xml:2:1-188:12
INJECTED from src\main\AndroidManifest.xml:2:1-188:12
INJECTED from src\main\AndroidManifest.xml:2:1-188:12
INJECTED from src\main\AndroidManifest.xml:2:1-188:12
	package
		ADDED from src\main\AndroidManifest.xml:3:5-25
		INJECTED from src\main\AndroidManifest.xml
		INJECTED from src\main\AndroidManifest.xml
	android:versionName
		ADDED from src\main\AndroidManifest.xml:5:5-30
		INJECTED from src\main\AndroidManifest.xml
		INJECTED from src\main\AndroidManifest.xml
	xmlns:android
		ADDED from src\main\AndroidManifest.xml:2:11-69
	android:versionCode
		ADDED from src\main\AndroidManifest.xml:4:5-28
		INJECTED from src\main\AndroidManifest.xml
		INJECTED from src\main\AndroidManifest.xml
uses-sdk
ADDED from src\main\AndroidManifest.xml:7:5-9:41
INJECTED from src\main\AndroidManifest.xml:7:5-9:41
INJECTED from src\main\AndroidManifest.xml:7:5-9:41
INJECTED from src\main\AndroidManifest.xml:7:5-9:41
INJECTED from src\main\AndroidManifest.xml:7:5-9:41
	android:targetSdkVersion
		ADDED from src\main\AndroidManifest.xml:9:9-38
		INJECTED from src\main\AndroidManifest.xml
		INJECTED from src\main\AndroidManifest.xml
	android:minSdkVersion
		ADDED from src\main\AndroidManifest.xml:8:9-34
		INJECTED from src\main\AndroidManifest.xml
		INJECTED from src\main\AndroidManifest.xml
uses-permission#android.permission.BLUETOOTH_ADMIN
ADDED from src\main\AndroidManifest.xml:11:5-74
	android:name
		ADDED from src\main\AndroidManifest.xml:11:22-71
uses-permission#android.permission.BLUETOOTH
ADDED from src\main\AndroidManifest.xml:12:5-68
	android:name
		ADDED from src\main\AndroidManifest.xml:12:22-65
uses-permission#android.permission.MOUNT_UNMOUNT_FILESYSTEMS
ADDED from src\main\AndroidManifest.xml:13:5-84
	android:name
		ADDED from src\main\AndroidManifest.xml:13:22-81
uses-permission#android.permission.WRITE_EXTERNAL_STORAGE
ADDED from src\main\AndroidManifest.xml:14:5-81
	android:name
		ADDED from src\main\AndroidManifest.xml:14:22-78
uses-permission#android.permission.INTERNET
ADDED from src\main\AndroidManifest.xml:15:2-80
	android:name
		ADDED from src\main\AndroidManifest.xml:15:19-61
uses-permission#android.permission.VIBRATE
ADDED from src\main\AndroidManifest.xml:16:5-66
	android:name
		ADDED from src\main\AndroidManifest.xml:16:22-63
application
ADDED from src\main\AndroidManifest.xml:17:5-186:19
	android:label
		ADDED from src\main\AndroidManifest.xml:21:9-41
	android:icon
		ADDED from src\main\AndroidManifest.xml:20:9-45
	android:allowBackup
		ADDED from src\main\AndroidManifest.xml:19:9-35
	android:name
		ADDED from src\main\AndroidManifest.xml:18:9-49
activity#com.jf.uhf.ConnectActivity
ADDED from src\main\AndroidManifest.xml:23:9-33:20
	android:label
		ADDED from src\main\AndroidManifest.xml:25:13-45
	android:windowSoftInputMode
		ADDED from src\main\AndroidManifest.xml:27:13-52
	android:theme
		ADDED from src\main\AndroidManifest.xml:26:13-60
	android:name
		ADDED from src\main\AndroidManifest.xml:24:13-54
intent-filter#android.intent.action.MAIN+android.intent.category.LAUNCHER
ADDED from src\main\AndroidManifest.xml:28:13-32:29
action#android.intent.action.MAIN
ADDED from src\main\AndroidManifest.xml:29:17-69
	android:name
		ADDED from src\main\AndroidManifest.xml:29:25-66
category#android.intent.category.LAUNCHER
ADDED from src\main\AndroidManifest.xml:31:17-77
	android:name
		ADDED from src\main\AndroidManifest.xml:31:27-74
activity#com.jf.uhf.setpage.PageReaderAddress
ADDED from src\main\AndroidManifest.xml:35:9-39:20
	android:windowSoftInputMode
		ADDED from src\main\AndroidManifest.xml:38:13-52
	android:theme
		ADDED from src\main\AndroidManifest.xml:37:13-60
	android:name
		ADDED from src\main\AndroidManifest.xml:36:13-64
activity#com.jf.uhf.setpage.PageReaderIdentifier
ADDED from src\main\AndroidManifest.xml:41:9-45:20
	android:windowSoftInputMode
		ADDED from src\main\AndroidManifest.xml:44:13-52
	android:theme
		ADDED from src\main\AndroidManifest.xml:43:13-60
	android:name
		ADDED from src\main\AndroidManifest.xml:42:13-67
activity#com.jf.uhf.setpage.PageReaderFirmwareVersion
ADDED from src\main\AndroidManifest.xml:47:9-51:20
	android:windowSoftInputMode
		ADDED from src\main\AndroidManifest.xml:50:13-52
	android:theme
		ADDED from src\main\AndroidManifest.xml:49:13-60
	android:name
		ADDED from src\main\AndroidManifest.xml:48:13-72
activity#com.jf.uhf.setpage.PageReaderBarcode
ADDED from src\main\AndroidManifest.xml:53:9-57:20
	android:windowSoftInputMode
		ADDED from src\main\AndroidManifest.xml:56:13-52
	android:theme
		ADDED from src\main\AndroidManifest.xml:55:13-60
	android:name
		ADDED from src\main\AndroidManifest.xml:54:13-64
activity#com.jf.uhf.setpage.PageReaderGpio
ADDED from src\main\AndroidManifest.xml:59:9-63:20
	android:windowSoftInputMode
		ADDED from src\main\AndroidManifest.xml:62:13-52
	android:theme
		ADDED from src\main\AndroidManifest.xml:61:13-60
	android:name
		ADDED from src\main\AndroidManifest.xml:60:13-61
activity#com.jf.uhf.setpage.PageReaderBeeper
ADDED from src\main\AndroidManifest.xml:65:9-69:20
	android:windowSoftInputMode
		ADDED from src\main\AndroidManifest.xml:68:13-52
	android:theme
		ADDED from src\main\AndroidManifest.xml:67:13-60
	android:name
		ADDED from src\main\AndroidManifest.xml:66:13-63
activity#com.jf.uhf.setpage.PageReaderOutPower
ADDED from src\main\AndroidManifest.xml:71:9-75:20
	android:windowSoftInputMode
		ADDED from src\main\AndroidManifest.xml:74:13-52
	android:theme
		ADDED from src\main\AndroidManifest.xml:73:13-60
	android:name
		ADDED from src\main\AndroidManifest.xml:72:13-65
activity#com.jf.uhf.setpage.PageReaderAntenna
ADDED from src\main\AndroidManifest.xml:77:9-81:20
	android:windowSoftInputMode
		ADDED from src\main\AndroidManifest.xml:80:13-52
	android:theme
		ADDED from src\main\AndroidManifest.xml:79:13-60
	android:name
		ADDED from src\main\AndroidManifest.xml:78:13-64
activity#com.jf.uhf.setpage.PageReaderReturnLoss
ADDED from src\main\AndroidManifest.xml:83:9-87:20
	android:windowSoftInputMode
		ADDED from src\main\AndroidManifest.xml:86:13-52
	android:theme
		ADDED from src\main\AndroidManifest.xml:85:13-60
	android:name
		ADDED from src\main\AndroidManifest.xml:84:13-67
activity#com.jf.uhf.setpage.PageReaderAntDetector
ADDED from src\main\AndroidManifest.xml:89:9-93:20
	android:windowSoftInputMode
		ADDED from src\main\AndroidManifest.xml:92:13-52
	android:theme
		ADDED from src\main\AndroidManifest.xml:91:13-60
	android:name
		ADDED from src\main\AndroidManifest.xml:90:13-68
activity#com.jf.uhf.setpage.PageReaderMonza
ADDED from src\main\AndroidManifest.xml:95:9-99:20
	android:windowSoftInputMode
		ADDED from src\main\AndroidManifest.xml:98:13-52
	android:theme
		ADDED from src\main\AndroidManifest.xml:97:13-60
	android:name
		ADDED from src\main\AndroidManifest.xml:96:13-62
activity#com.jf.uhf.setpage.PageReaderRegion
ADDED from src\main\AndroidManifest.xml:101:9-105:20
	android:windowSoftInputMode
		ADDED from src\main\AndroidManifest.xml:104:13-52
	android:theme
		ADDED from src\main\AndroidManifest.xml:103:13-60
	android:name
		ADDED from src\main\AndroidManifest.xml:102:13-63
activity#com.jf.uhf.setpage.PageReaderProfile
ADDED from src\main\AndroidManifest.xml:107:9-111:20
	android:windowSoftInputMode
		ADDED from src\main\AndroidManifest.xml:110:13-52
	android:theme
		ADDED from src\main\AndroidManifest.xml:109:13-60
	android:name
		ADDED from src\main\AndroidManifest.xml:108:13-64
activity#com.jf.uhf.tagpage.PageInventoryReal
ADDED from src\main\AndroidManifest.xml:113:9-117:20
	android:windowSoftInputMode
		ADDED from src\main\AndroidManifest.xml:116:13-52
	android:theme
		ADDED from src\main\AndroidManifest.xml:115:13-60
	android:name
		ADDED from src\main\AndroidManifest.xml:114:13-64
activity#com.jf.uhf.tagpage.PageInventoryBuffer
ADDED from src\main\AndroidManifest.xml:119:9-123:20
	android:windowSoftInputMode
		ADDED from src\main\AndroidManifest.xml:122:13-52
	android:theme
		ADDED from src\main\AndroidManifest.xml:121:13-60
	android:name
		ADDED from src\main\AndroidManifest.xml:120:13-66
activity#com.jf.uhf.tagpage.PageInventoryFast
ADDED from src\main\AndroidManifest.xml:125:9-129:20
	android:windowSoftInputMode
		ADDED from src\main\AndroidManifest.xml:128:13-52
	android:theme
		ADDED from src\main\AndroidManifest.xml:127:13-60
	android:name
		ADDED from src\main\AndroidManifest.xml:126:13-64
activity#com.jf.uhf.tagpage.PageInventoryReal6B
ADDED from src\main\AndroidManifest.xml:131:9-135:20
	android:windowSoftInputMode
		ADDED from src\main\AndroidManifest.xml:134:13-52
	android:theme
		ADDED from src\main\AndroidManifest.xml:133:13-60
	android:name
		ADDED from src\main\AndroidManifest.xml:132:13-66
activity#com.jf.uhf.tagpage.PageReaderBarcode
ADDED from src\main\AndroidManifest.xml:137:9-141:20
	android:windowSoftInputMode
		ADDED from src\main\AndroidManifest.xml:140:13-52
	android:theme
		ADDED from src\main\AndroidManifest.xml:139:13-60
	android:name
		ADDED from src\main\AndroidManifest.xml:138:13-64
activity#com.jf.uhf.tagpage.PageTagAccess
ADDED from src\main\AndroidManifest.xml:143:9-147:20
	android:windowSoftInputMode
		ADDED from src\main\AndroidManifest.xml:146:13-52
	android:theme
		ADDED from src\main\AndroidManifest.xml:145:13-60
	android:name
		ADDED from src\main\AndroidManifest.xml:144:13-60
activity#com.jf.uhf.tagpage.PageTag6BAccess
ADDED from src\main\AndroidManifest.xml:149:9-153:20
	android:windowSoftInputMode
		ADDED from src\main\AndroidManifest.xml:152:13-52
	android:theme
		ADDED from src\main\AndroidManifest.xml:151:13-60
	android:name
		ADDED from src\main\AndroidManifest.xml:150:13-62
activity#com.jf.uhf.MainActivity
ADDED from src\main\AndroidManifest.xml:155:9-159:20
	android:windowSoftInputMode
		ADDED from src\main\AndroidManifest.xml:158:13-52
	android:theme
		ADDED from src\main\AndroidManifest.xml:157:13-60
	android:name
		ADDED from src\main\AndroidManifest.xml:156:13-51
activity#com.jf.uhf.ConnectTcpIp
ADDED from src\main\AndroidManifest.xml:161:9-165:20
	android:windowSoftInputMode
		ADDED from src\main\AndroidManifest.xml:164:13-52
	android:theme
		ADDED from src\main\AndroidManifest.xml:163:13-60
	android:name
		ADDED from src\main\AndroidManifest.xml:162:13-51
activity#com.jf.uhf.ConnectBlueTooth
ADDED from src\main\AndroidManifest.xml:167:9-171:20
	android:windowSoftInputMode
		ADDED from src\main\AndroidManifest.xml:170:13-52
	android:theme
		ADDED from src\main\AndroidManifest.xml:169:13-60
	android:name
		ADDED from src\main\AndroidManifest.xml:168:13-55
activity#com.jf.uhf.DeviceListActivity
ADDED from src\main\AndroidManifest.xml:173:9-178:20
	android:label
		ADDED from src\main\AndroidManifest.xml:175:13-50
	android:configChanges
		ADDED from src\main\AndroidManifest.xml:177:13-70
	android:theme
		ADDED from src\main\AndroidManifest.xml:176:13-56
	android:name
		ADDED from src\main\AndroidManifest.xml:174:13-57
activity#com.jf.uhf.ConnectRs232
ADDED from src\main\AndroidManifest.xml:180:9-184:20
	android:windowSoftInputMode
		ADDED from src\main\AndroidManifest.xml:183:13-52
	android:theme
		ADDED from src\main\AndroidManifest.xml:182:13-60
	android:name
		ADDED from src\main\AndroidManifest.xml:181:13-51